[debug] [2025-03-23T23:40:42.250Z] ----------------------------------------------------------------------
[debug] [2025-03-23T23:40:42.253Z] Command:       C:\Users\user\AppData\Roaming\fnm\node-versions\v22.13.1\installation\node.exe C:\Users\user\AppData\Roaming\npm\node_modules\firebase-tools\lib\bin\firebase.js init
[debug] [2025-03-23T23:40:42.253Z] CLI Version:   13.35.1
[debug] [2025-03-23T23:40:42.253Z] Platform:      win32
[debug] [2025-03-23T23:40:42.253Z] Node Version:  v22.13.1
[debug] [2025-03-23T23:40:42.254Z] Time:          Mon Mar 24 2025 01:40:42 GMT+0200 (Eastern European Standard Time)
[debug] [2025-03-23T23:40:42.254Z] ----------------------------------------------------------------------
[debug] 
[debug] [2025-03-23T23:40:42.261Z] > command requires scopes: ["email","openid","https://www.googleapis.com/auth/cloudplatformprojects.readonly","https://www.googleapis.com/auth/firebase","https://www.googleapis.com/auth/cloud-platform"]
[debug] [2025-03-23T23:40:42.261Z] > authorizing via signed-in user (alek.lynge@gmail.com)
[info] 
     ######## #### ########  ######## ########     ###     ######  ########
     ##        ##  ##     ## ##       ##     ##  ##   ##  ##       ##
     ######    ##  ########  ######   ########  #########  ######  ######
     ##        ##  ##    ##  ##       ##     ## ##     ##       ## ##
     ##       #### ##     ## ######## ########  ##     ##  ######  ########

You're about to initialize a Firebase project in this directory:

  D:\ScratchPad\peachtree-bank-poc\src\ui\peachtree-bank-app

[info] 
=== Project Setup
[info] 
[info] First, let's associate this project directory with a Firebase project.
[info] You can create multiple project aliases by running firebase use --add, 
[info] but for now we'll just set up a default project.
[info] 
[debug] [2025-03-23T23:41:00.973Z] Checked if tokens are valid: true, expires at: 1742776714815
[debug] [2025-03-23T23:41:00.973Z] Checked if tokens are valid: true, expires at: 1742776714815
[debug] [2025-03-23T23:41:00.974Z] >>> [apiv2][query] GET https://firebase.googleapis.com/v1beta1/projects pageSize=100
[debug] [2025-03-23T23:41:01.650Z] <<< [apiv2][status] GET https://firebase.googleapis.com/v1beta1/projects 200
[debug] [2025-03-23T23:41:01.651Z] <<< [apiv2][body] GET https://firebase.googleapis.com/v1beta1/projects [omitted]
[info] i  Using project peachtree-bank-b3edd (peachtree-bank) 
[info] 
=== Apphosting Setup
[debug] [2025-03-23T23:41:06.520Z] Checked if tokens are valid: true, expires at: 1742776714815
[debug] [2025-03-23T23:41:06.520Z] Checked if tokens are valid: true, expires at: 1742776714815
[debug] [2025-03-23T23:41:06.520Z] >>> [apiv2][query] GET https://cloudbilling.googleapis.com/v1/projects/peachtree-bank-b3edd/billingInfo [none]
[debug] [2025-03-23T23:41:07.774Z] <<< [apiv2][status] GET https://cloudbilling.googleapis.com/v1/projects/peachtree-bank-b3edd/billingInfo 200
[debug] [2025-03-23T23:41:07.775Z] <<< [apiv2][body] GET https://cloudbilling.googleapis.com/v1/projects/peachtree-bank-b3edd/billingInfo {"name":"projects/peachtree-bank-b3edd/billingInfo","projectId":"peachtree-bank-b3edd","billingAccountName":"","billingEnabled":false}
[info] i  Writing default settings to apphosting.yaml... 
[info] +  Wrote apphosting.yaml 
[info] +  Create a new App Hosting backend with `firebase apphosting:backends:create` 
[info] 
=== Hosting Setup
[debug] [2025-03-23T23:41:07.779Z] Checked if tokens are valid: true, expires at: 1742776714815
[debug] [2025-03-23T23:41:07.779Z] Checked if tokens are valid: true, expires at: 1742776714815
[debug] [2025-03-23T23:41:07.779Z] >>> [apiv2][query] GET https://firebase.googleapis.com/v1beta1/projects/peachtree-bank-b3edd [none]
[debug] [2025-03-23T23:41:08.082Z] <<< [apiv2][status] GET https://firebase.googleapis.com/v1beta1/projects/peachtree-bank-b3edd 200
[debug] [2025-03-23T23:41:08.082Z] <<< [apiv2][body] GET https://firebase.googleapis.com/v1beta1/projects/peachtree-bank-b3edd {"projectId":"peachtree-bank-b3edd","projectNumber":"934199123068","displayName":"peachtree-bank","name":"projects/peachtree-bank-b3edd","resources":{"hostingSite":"peachtree-bank-b3edd"},"state":"ACTIVE","etag":"1_4f04dc5c-7b2d-4052-aa4b-70cba5b6f310"}
[info] 
[info] Your public directory is the folder (relative to your project directory) that
[info] will contain Hosting assets to be uploaded with firebase deploy. If you
[info] have a build process for your assets, use your build's output directory.
[info] 
[debug] [2025-03-23T23:41:25.285Z] >>> [apiv2][query] GET https://www.gstatic.com/firebasejs/releases.json [none]
[debug] [2025-03-23T23:41:25.345Z] <<< [apiv2][status] GET https://www.gstatic.com/firebasejs/releases.json 200
[debug] [2025-03-23T23:41:25.345Z] <<< [apiv2][body] GET https://www.gstatic.com/firebasejs/releases.json {"current":{"version":"11.5.0","browserURL":"https://www.gstatic.com/firebasejs/11.5.0/firebase.js","packageURL":"https://www.gstatic.com/firebasejs/11.5.0/firebase.tgz"},"live":{"version":"11.5","browserURL":"https://www.gstatic.com/firebasejs/live/11.5/firebase.js","packageURL":"https://www.gstatic.com/firebasejs/live/11.5/firebase.tgz"},"components":{"analytics":"https://www.gstatic.com/firebasejs/11.5.0/firebase-analytics.js","app":"https://www.gstatic.com/firebasejs/11.5.0/firebase-app.js","app-check":"https://www.gstatic.com/firebasejs/11.5.0/firebase-app-check.js","auth":"https://www.gstatic.com/firebasejs/11.5.0/firebase-auth.js","auth/cordova":"https://www.gstatic.com/firebasejs/11.5.0/firebase-auth/cordova.js","auth/web-extension":"https://www.gstatic.com/firebasejs/11.5.0/firebase-auth/web-extension.js","functions":"https://www.gstatic.com/firebasejs/11.5.0/firebase-functions.js","firestore":"https://www.gstatic.com/firebasejs/11.5.0/firebase-firestore.js","firestore/lite":"https://www.gstatic.com/firebasejs/11.5.0/firebase-firestore/lite.js","installations":"https://www.gstatic.com/firebasejs/11.5.0/firebase-installations.js","storage":"https://www.gstatic.com/firebasejs/11.5.0/firebase-storage.js","performance":"https://www.gstatic.com/firebasejs/11.5.0/firebase-performance.js","remote-config":"https://www.gstatic.com/firebasejs/11.5.0/firebase-remote-config.js","messaging":"https://www.gstatic.com/firebasejs/11.5.0/firebase-messaging.js","messaging/sw":"https://www.gstatic.com/firebasejs/11.5.0/firebase-messaging/sw.js","database":"https://www.gstatic.com/firebasejs/11.5.0/firebase-database.js","vertexai":"https://www.gstatic.com/firebasejs/11.5.0/firebase-vertexai.js","data-connect":"https://www.gstatic.com/firebasejs/11.5.0/firebase-data-connect.js","firestore.memory":"https://www.gstatic.com/firebasejs/11.5.0/firebase-firestore.memory.js"}}
[info] +  Wrote public/index.html 
[info] 
[info] i  Detected a .git folder at D:\ScratchPad\peachtree-bank-poc 
[info] i  Authorizing with GitHub to upload your service account to a GitHub repository's secrets store. 
[info] 
[info] Visit this URL on this device to log in:
[info] https://github.com/login/oauth/authorize?client_id=89cf50f02ac6aaed3484&state=412731919&redirect_uri=http%3A%2F%2Flocalhost%3A9005&scope=read%3Auser%20repo%20public_repo
[info] 
[info] Waiting for authentication...
[debug] [2025-03-23T23:41:54.245Z] >>> [apiv2][query] POST https://github.com/login/oauth/access_token [none]
[debug] [2025-03-23T23:41:54.245Z] >>> [apiv2][body] POST https://github.com/login/oauth/access_token [stream]
[debug] [2025-03-23T23:41:54.528Z] <<< [apiv2][status] POST https://github.com/login/oauth/access_token 200
[debug] [2025-03-23T23:41:54.528Z] <<< [apiv2][body] POST https://github.com/login/oauth/access_token {"access_token":"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","token_type":"bearer","scope":"read:user,repo"}
[debug] [2025-03-23T23:41:54.532Z] >>> [apiv2][query] GET https://api.github.com/user [none]
[debug] [2025-03-23T23:41:54.851Z] <<< [apiv2][status] GET https://api.github.com/user 200
[debug] [2025-03-23T23:41:54.851Z] <<< [apiv2][body] GET https://api.github.com/user {"login":"alekl79","id":74970731,"node_id":"MDQ6VXNlcjc0OTcwNzMx","avatar_url":"https://avatars.githubusercontent.com/u/74970731?v=4","gravatar_id":"","url":"https://api.github.com/users/alekl79","html_url":"https://github.com/alekl79","followers_url":"https://api.github.com/users/alekl79/followers","following_url":"https://api.github.com/users/alekl79/following{/other_user}","gists_url":"https://api.github.com/users/alekl79/gists{/gist_id}","starred_url":"https://api.github.com/users/alekl79/starred{/owner}{/repo}","subscriptions_url":"https://api.github.com/users/alekl79/subscriptions","organizations_url":"https://api.github.com/users/alekl79/orgs","repos_url":"https://api.github.com/users/alekl79/repos","events_url":"https://api.github.com/users/alekl79/events{/privacy}","received_events_url":"https://api.github.com/users/alekl79/received_events","type":"User","user_view_type":"private","site_admin":false,"name":null,"company":null,"blog":"","location":null,"email":null,"hireable":null,"bio":null,"twitter_username":null,"notification_email":null,"public_repos":1,"public_gists":1,"followers":0,"following":0,"created_at":"2020-11-24T13:31:27Z","updated_at":"2024-07-12T09:38:38Z","private_gists":0,"total_private_repos":1,"owned_private_repos":1,"disk_usage":381,"collaborators":0,"two_factor_authentication":false,"plan":{"name":"free","space":976562499,"collaborators":0,"private_repos":10000}}
[info] 
[info] +  Success! Logged into GitHub as alekl79 
[info] 
